ERROR 2021-11-09 06:18:35,465 root : Сервер недоступний.
ERROR 2021-11-09 06:19:35,528 root : Сервер недоступний.
ERROR 2021-11-09 06:21:24,933 root : Сервер недоступний.
ERROR 2021-11-09 06:31:01,116 root : Сервер недоступний.
INFO 2021-11-09 06:32:01,189 root : Сервер доступний. Час на сервері: Time: 04:32:01   Data: 2021/32/11/09/21
INFO 2021-11-09 06:32:01,190 root : Запитувана сторінка: : localhost:8000/health/
INFO 2021-11-09 06:32:01,191 root : Відповідь сервера місти наступні поля:
INFO 2021-11-09 06:32:01,191 root : Ключ: date, Значення: Time: 04:32:01   Data: 2021/32/11/09/21
INFO 2021-11-09 06:32:01,191 root : Ключ: current_page, Значення: localhost:8000/health/
INFO 2021-11-09 06:32:01,191 root : Ключ: server_info, Значення: Name_OS: Linux;   Name_Node: ivan-VirtualBox;   Release: 5.11.0-38-generic;   Version: #42~20.04.1-Ubuntu SMP Tue Sep 28 20:41:07 UTC 2021;   Indentificator:x86_64
INFO 2021-11-09 06:32:01,191 root : Ключ: client_info, Значення: Browser: python-requests/2.26.0;   IP: 127.0.0.1
ERROR 2021-11-09 06:33:01,252 root : Сервер недоступний.
ERROR 2021-11-09 06:34:01,318 root : Сервер недоступний.
ERROR 2021-11-09 06:35:01,382 root : Сервер недоступний.
ERROR 2021-11-09 06:35:33,444 root : Сервер недоступний.
INFO 2021-11-09 06:36:01,458 root : Сервер доступний. Час на сервері: Time: 04:36:01   Data: 2021/36/11/09/21
INFO 2021-11-09 06:36:01,459 root : Запитувана сторінка: : localhost:8000/health/
INFO 2021-11-09 06:36:01,459 root : Відповідь сервера місти наступні поля:
INFO 2021-11-09 06:36:01,459 root : Ключ: date, Значення: Time: 04:36:01   Data: 2021/36/11/09/21
INFO 2021-11-09 06:36:01,459 root : Ключ: current_page, Значення: localhost:8000/health/
INFO 2021-11-09 06:36:01,459 root : Ключ: server_info, Значення: Name_OS: Linux;   Name_Node: ivan-VirtualBox;   Release: 5.11.0-38-generic;   Version: #42~20.04.1-Ubuntu SMP Tue Sep 28 20:41:07 UTC 2021;   Indentificator:x86_64
INFO 2021-11-09 06:36:01,459 root : Ключ: client_info, Значення: Browser: python-requests/2.26.0;   IP: 127.0.0.1
INFO 2021-11-09 06:36:33,517 root : Сервер доступний. Час на сервері: Time: 04:36:33   Data: 2021/36/11/09/21
INFO 2021-11-09 06:36:33,518 root : Запитувана сторінка: : localhost:8000/health/
INFO 2021-11-09 06:36:33,518 root : Відповідь сервера місти наступні поля:
INFO 2021-11-09 06:36:33,519 root : Ключ: date, Значення: Time: 04:36:33   Data: 2021/36/11/09/21
INFO 2021-11-09 06:36:33,519 root : Ключ: current_page, Значення: localhost:8000/health/
INFO 2021-11-09 06:36:33,519 root : Ключ: server_info, Значення: Name_OS: Linux;   Name_Node: ivan-VirtualBox;   Release: 5.11.0-38-generic;   Version: #42~20.04.1-Ubuntu SMP Tue Sep 28 20:41:07 UTC 2021;   Indentificator:x86_64
INFO 2021-11-09 06:36:33,519 root : Ключ: client_info, Значення: Browser: python-requests/2.26.0;   IP: 127.0.0.1
INFO 2021-11-09 06:37:01,532 root : Сервер доступний. Час на сервері: Time: 04:37:01   Data: 2021/37/11/09/21
INFO 2021-11-09 06:37:01,533 root : Запитувана сторінка: : localhost:8000/health/
INFO 2021-11-09 06:37:01,533 root : Відповідь сервера місти наступні поля:
INFO 2021-11-09 06:37:01,533 root : Ключ: date, Значення: Time: 04:37:01   Data: 2021/37/11/09/21
INFO 2021-11-09 06:37:01,533 root : Ключ: current_page, Значення: localhost:8000/health/
INFO 2021-11-09 06:37:01,533 root : Ключ: server_info, Значення: Name_OS: Linux;   Name_Node: ivan-VirtualBox;   Release: 5.11.0-38-generic;   Version: #42~20.04.1-Ubuntu SMP Tue Sep 28 20:41:07 UTC 2021;   Indentificator:x86_64
INFO 2021-11-09 06:37:01,533 root : Ключ: client_info, Значення: Browser: python-requests/2.26.0;   IP: 127.0.0.1
ERROR 2021-11-09 06:37:33,581 root : Сервер недоступний.
ERROR 2021-11-09 06:38:01,596 root : Сервер недоступний.
ERROR 2021-11-09 06:38:33,643 root : Сервер недоступний.
ERROR 2021-11-09 06:39:01,659 root : Сервер недоступний.
ERROR 2021-11-09 06:39:33,708 root : Сервер недоступний.
ERROR 2021-11-09 06:40:01,730 root : Сервер недоступний.
ERROR 2021-11-09 06:40:33,773 root : Сервер недоступний.
ERROR 2021-11-09 06:41:01,794 root : Сервер недоступний.
ERROR 2021-11-09 06:41:33,836 root : Сервер недоступний.
ERROR 2021-11-09 06:42:01,859 root : Сервер недоступний.
ERROR 2021-11-09 06:42:33,903 root : Сервер недоступний.
ERROR 2021-11-09 06:43:01,929 root : Сервер недоступний.
ERROR 2021-11-09 06:43:33,965 root : Сервер недоступний.
ERROR 2021-11-09 06:44:01,992 root : Сервер недоступний.
ERROR 2021-11-09 06:44:34,028 root : Сервер недоступний.
ERROR 2021-11-09 06:45:02,062 root : Сервер недоступний.
ERROR 2021-11-09 06:45:34,092 root : Сервер недоступний.
ERROR 2021-11-09 06:46:02,124 root : Сервер недоступний.
ERROR 2021-11-09 06:46:34,155 root : Сервер недоступний.
ERROR 2021-11-09 06:47:02,187 root : Сервер недоступний.
ERROR 2021-11-09 06:47:34,219 root : Сервер недоступний.
ERROR 2021-11-09 06:48:02,247 root : Сервер недоступний.
ERROR 2021-11-09 06:48:34,378 root : Сервер недоступний.
ERROR 2021-11-09 06:49:02,317 root : Сервер недоступний.
ERROR 2021-11-09 06:49:34,440 root : Сервер недоступний.
ERROR 2021-11-09 06:50:02,379 root : Сервер недоступний.
ERROR 2021-11-09 06:50:34,504 root : Сервер недоступний.
ERROR 2021-11-09 06:51:02,444 root : Сервер недоступний.
ERROR 2021-11-09 06:51:34,568 root : Сервер недоступний.
ERROR 2021-11-09 06:52:02,507 root : Сервер недоступний.
ERROR 2021-11-09 06:52:34,631 root : Сервер недоступний.
ERROR 2021-11-09 06:52:35,232 root : Сервер недоступний.
ERROR 2021-11-09 06:52:58,299 root : Сервер недоступний.
ERROR 2021-11-09 06:53:02,570 root : Сервер недоступний.
ERROR 2021-11-09 06:53:34,691 root : Сервер недоступний.
ERROR 2021-11-09 06:53:35,296 root : Сервер недоступний.
ERROR 2021-11-09 06:53:58,360 root : Сервер недоступний.
ERROR 2021-11-09 06:54:02,631 root : Сервер недоступний.
ERROR 2021-11-09 06:54:34,755 root : Сервер недоступний.
ERROR 2021-11-09 06:54:35,359 root : Сервер недоступний.
ERROR 2021-11-09 06:54:58,439 root : Сервер недоступний.
ERROR 2021-11-09 06:55:02,694 root : Сервер недоступний.
ERROR 2021-11-09 06:55:34,819 root : Сервер недоступний.
ERROR 2021-11-09 06:55:35,421 root : Сервер недоступний.
ERROR 2021-11-09 06:55:58,499 root : Сервер недоступний.
ERROR 2021-11-09 06:56:02,760 root : Сервер недоступний.
ERROR 2021-11-09 06:56:34,880 root : Сервер недоступний.
ERROR 2021-11-09 06:56:35,486 root : Сервер недоступний.
ERROR 2021-11-09 06:56:58,559 root : Сервер недоступний.
ERROR 2021-11-09 06:57:02,824 root : Сервер недоступний.
ERROR 2021-11-09 06:57:34,944 root : Сервер недоступний.
ERROR 2021-11-09 06:57:35,548 root : Сервер недоступний.
ERROR 2021-11-09 06:57:58,621 root : Сервер недоступний.
ERROR 2021-11-09 06:58:02,898 root : Сервер недоступний.
ERROR 2021-11-09 06:58:35,008 root : Сервер недоступний.
ERROR 2021-11-09 06:58:35,614 root : Сервер недоступний.
ERROR 2021-11-09 06:58:58,683 root : Сервер недоступний.
ERROR 2021-11-09 06:59:02,962 root : Сервер недоступний.
ERROR 2021-11-09 06:59:35,067 root : Сервер недоступний.
ERROR 2021-11-09 06:59:35,686 root : Сервер недоступний.
ERROR 2021-11-09 06:59:58,746 root : Сервер недоступний.
ERROR 2021-11-09 07:00:03,024 root : Сервер недоступний.
ERROR 2021-11-09 07:00:35,128 root : Сервер недоступний.
ERROR 2021-11-09 07:00:35,748 root : Сервер недоступний.
ERROR 2021-11-09 07:00:58,809 root : Сервер недоступний.
ERROR 2021-11-09 07:01:03,086 root : Сервер недоступний.

